#
# There is insufficient memory for the Java Runtime Environment to continue.
# Native memory allocation (malloc) failed to allocate 87031808 bytes for committing reserved memory.
# Possible reasons:
#   The system is out of physical RAM or swap space
#   In 32 bit mode, the process size limit was hit
# Possible solutions:
#   Reduce memory load on the system
#   Increase physical memory or swap space
#   Check if swap backing store is full
#   Use 64 bit Java on a 64 bit OS
#   Decrease Java heap size (-Xmx/-Xms)
#   Decrease number of Java threads
#   Decrease Java thread stack sizes (-Xss)
#   Set larger code cache with -XX:ReservedCodeCacheSize=
# This output file may be truncated or incomplete.
#
#  Out of Memory Error (os_linux.cpp:2798), pid=7705, tid=140031327368960
#
# JRE version:  (7.0_65-b32) (build )
# Java VM: OpenJDK 64-Bit Server VM (24.65-b04 mixed mode linux-amd64 compressed oops)
# Failed to write core dump. Core dumps have been disabled. To enable core dumping, try "ulimit -c unlimited" before starting Java again
#

---------------  T H R E A D  ---------------

Current thread (0x00007f5b8c009000):  JavaThread "Unknown thread" [_thread_in_vm, id=7713, stack(0x00007f5b95767000,0x00007f5b95868000)]

Stack: [0x00007f5b95767000,0x00007f5b95868000],  sp=0x00007f5b95866570,  free space=1021k
Native frames: (J=compiled Java code, j=interpreted, Vv=VM code, C=native code)
V  [libjvm.so+0x97b8c6]
V  [libjvm.so+0x48c2b2]
V  [libjvm.so+0x7ef57b]
V  [libjvm.so+0x7e9cfe]
V  [libjvm.so+0x85ba7b]
V  [libjvm.so+0x84a9eb]
V  [libjvm.so+0x2a4325]
V  [libjvm.so+0x81008b]
V  [libjvm.so+0x945c87]
V  [libjvm.so+0x945fd6]
V  [libjvm.so+0x5aad4f]
V  [libjvm.so+0x92710f]
V  [libjvm.so+0x61a070]  JNI_CreateJavaVM+0x60
C  [libjli.so+0x29bf]


---------------  P R O C E S S  ---------------

Java Threads: ( => current thread )

Other Threads:

=>0x00007f5b8c009000 (exited) JavaThread "Unknown thread" [_thread_in_vm, id=7713, stack(0x00007f5b95767000,0x00007f5b95868000)]

VM state:not at safepoint (not fully initialized)

VM Mutex/Monitor currently owned by a thread: None

GC Heap History (0 events):
No events

Deoptimization events (0 events):
No events

Internal exceptions (0 events):
No events

Events (0 events):
No events


Dynamic libraries:
00400000-00401000 r-xp 00000000 08:14 406396                             /usr/lib/jvm/java-7-openjdk/jre/bin/java
00600000-00601000 rw-p 00000000 08:14 406396                             /usr/lib/jvm/java-7-openjdk/jre/bin/java
01f5d000-01f7e000 rw-p 00000000 00:00 0                                  [heap]
b5a00000-c0000000 rw-p 00000000 00:00 0 
c5300000-eaa80000 rw-p 00000000 00:00 0 
eaa80000-ed400000 rw-p 00000000 00:00 0 
ed400000-100000000 rw-p 00000000 00:00 0 
7f5b89000000-7f5b89270000 rwxp 00000000 00:00 0 
7f5b89270000-7f5b8c021000 rw-p 00000000 00:00 0 
7f5b8c021000-7f5b90000000 ---p 00000000 00:00 0 
7f5b9272c000-7f5b928d4000 rw-p 00000000 00:00 0 
7f5b928d4000-7f5b928e9000 rw-p 00000000 00:00 0 
7f5b928e9000-7f5b9297f000 rw-p 00000000 00:00 0 
7f5b9297f000-7f5b92980000 rw-p 00000000 00:00 0 
7f5b92980000-7f5b92988000 r-xp 00000000 08:14 664084                     /usr/lib/jvm/java-7-openjdk/jre/lib/amd64/libzip.so
7f5b92988000-7f5b92b87000 ---p 00008000 08:14 664084                     /usr/lib/jvm/java-7-openjdk/jre/lib/amd64/libzip.so
7f5b92b87000-7f5b92b88000 rw-p 00007000 08:14 664084                     /usr/lib/jvm/java-7-openjdk/jre/lib/amd64/libzip.so
7f5b92b88000-7f5b92b93000 r-xp 00000000 08:14 264948                     /usr/lib/libnss_files-2.19.so
7f5b92b93000-7f5b92d92000 ---p 0000b000 08:14 264948                     /usr/lib/libnss_files-2.19.so
7f5b92d92000-7f5b92d93000 r--p 0000a000 08:14 264948                     /usr/lib/libnss_files-2.19.so
7f5b92d93000-7f5b92d94000 rw-p 0000b000 08:14 264948                     /usr/lib/libnss_files-2.19.so
7f5b92d98000-7f5b92dc4000 r-xp 00000000 08:14 664082                     /usr/lib/jvm/java-7-openjdk/jre/lib/amd64/libjava.so
7f5b92dc4000-7f5b92fc3000 ---p 0002c000 08:14 664082                     /usr/lib/jvm/java-7-openjdk/jre/lib/amd64/libjava.so
7f5b92fc3000-7f5b92fc5000 rw-p 0002b000 08:14 664082                     /usr/lib/jvm/java-7-openjdk/jre/lib/amd64/libjava.so
7f5b92fc8000-7f5b92fd5000 r-xp 00000000 08:14 664081                     /usr/lib/jvm/java-7-openjdk/jre/lib/amd64/libverify.so
7f5b92fd5000-7f5b931d4000 ---p 0000d000 08:14 664081                     /usr/lib/jvm/java-7-openjdk/jre/lib/amd64/libverify.so
7f5b931d4000-7f5b931d6000 rw-p 0000c000 08:14 664081                     /usr/lib/jvm/java-7-openjdk/jre/lib/amd64/libverify.so
7f5b931d8000-7f5b931df000 r-xp 00000000 08:14 264949                     /usr/lib/librt-2.19.so
7f5b931df000-7f5b933de000 ---p 00007000 08:14 264949                     /usr/lib/librt-2.19.so
7f5b933de000-7f5b933df000 r--p 00006000 08:14 264949                     /usr/lib/librt-2.19.so
7f5b933df000-7f5b933e0000 rw-p 00007000 08:14 264949                     /usr/lib/librt-2.19.so
7f5b933e0000-7f5b933f6000 r-xp 00000000 08:14 268189                     /usr/lib/libgcc_s.so.1
7f5b933f6000-7f5b935f5000 ---p 00016000 08:14 268189                     /usr/lib/libgcc_s.so.1
7f5b935f5000-7f5b935f6000 rw-p 00015000 08:14 268189                     /usr/lib/libgcc_s.so.1
7f5b935f8000-7f5b936fb000 r-xp 00000000 08:14 264894                     /usr/lib/libm-2.19.so
7f5b936fb000-7f5b938fa000 ---p 00103000 08:14 264894                     /usr/lib/libm-2.19.so
7f5b938fa000-7f5b938fb000 r--p 00102000 08:14 264894                     /usr/lib/libm-2.19.so
7f5b938fb000-7f5b938fc000 rw-p 00103000 08:14 264894                     /usr/lib/libm-2.19.so
7f5b93900000-7f5b939f0000 r-xp 00000000 08:14 268197                     /usr/lib/libstdc++.so.6.0.20
7f5b939f0000-7f5b93bf0000 ---p 000f0000 08:14 268197                     /usr/lib/libstdc++.so.6.0.20
7f5b93bf0000-7f5b93bf8000 r--p 000f0000 08:14 268197                     /usr/lib/libstdc++.so.6.0.20
7f5b93bf8000-7f5b93bfa000 rw-p 000f8000 08:14 268197                     /usr/lib/libstdc++.so.6.0.20
7f5b93bfa000-7f5b93c0f000 rw-p 00000000 00:00 0 
7f5b93c10000-7f5b94758000 r-xp 00000000 08:14 684550                     /usr/lib/jvm/java-7-openjdk/jre/lib/amd64/server/libjvm.so
7f5b94758000-7f5b94957000 ---p 00b48000 08:14 684550                     /usr/lib/jvm/java-7-openjdk/jre/lib/amd64/server/libjvm.so
7f5b94957000-7f5b94a19000 rw-p 00b47000 08:14 684550                     /usr/lib/jvm/java-7-openjdk/jre/lib/amd64/server/libjvm.so
7f5b94a19000-7f5b94a45000 rw-p 00000000 00:00 0 
7f5b94a48000-7f5b94a5d000 r-xp 00000000 08:14 267949                     /usr/lib/libz.so.1.2.8
7f5b94a5d000-7f5b94c5c000 ---p 00015000 08:14 267949                     /usr/lib/libz.so.1.2.8
7f5b94c5c000-7f5b94c5d000 r--p 00014000 08:14 267949                     /usr/lib/libz.so.1.2.8
7f5b94c5d000-7f5b94c5e000 rw-p 00015000 08:14 267949                     /usr/lib/libz.so.1.2.8
7f5b94c60000-7f5b94e04000 r-xp 00000000 08:14 264957                     /usr/lib/libc-2.19.so
7f5b94e04000-7f5b95004000 ---p 001a4000 08:14 264957                     /usr/lib/libc-2.19.so
7f5b95004000-7f5b95008000 r--p 001a4000 08:14 264957                     /usr/lib/libc-2.19.so
7f5b95008000-7f5b9500a000 rw-p 001a8000 08:14 264957                     /usr/lib/libc-2.19.so
7f5b9500a000-7f5b9500e000 rw-p 00000000 00:00 0 
7f5b95010000-7f5b95013000 r-xp 00000000 08:14 264911                     /usr/lib/libdl-2.19.so
7f5b95013000-7f5b95212000 ---p 00003000 08:14 264911                     /usr/lib/libdl-2.19.so
7f5b95212000-7f5b95213000 r--p 00002000 08:14 264911                     /usr/lib/libdl-2.19.so
7f5b95213000-7f5b95214000 rw-p 00003000 08:14 264911                     /usr/lib/libdl-2.19.so
7f5b95218000-7f5b95225000 r-xp 00000000 08:14 684536                     /usr/lib/jvm/java-7-openjdk/jre/lib/amd64/jli/libjli.so
7f5b95225000-7f5b95424000 ---p 0000d000 08:14 684536                     /usr/lib/jvm/java-7-openjdk/jre/lib/amd64/jli/libjli.so
7f5b95424000-7f5b95425000 rw-p 0000c000 08:14 684536                     /usr/lib/jvm/java-7-openjdk/jre/lib/amd64/jli/libjli.so
7f5b95428000-7f5b95440000 r-xp 00000000 08:14 264976                     /usr/lib/libpthread-2.19.so
7f5b95440000-7f5b95640000 ---p 00018000 08:14 264976                     /usr/lib/libpthread-2.19.so
7f5b95640000-7f5b95641000 r--p 00018000 08:14 264976                     /usr/lib/libpthread-2.19.so
7f5b95641000-7f5b95642000 rw-p 00019000 08:14 264976                     /usr/lib/libpthread-2.19.so
7f5b95642000-7f5b95646000 rw-p 00000000 00:00 0 
7f5b95648000-7f5b95669000 r-xp 00000000 08:14 264934                     /usr/lib/ld-2.19.so
7f5b95698000-7f5b956a2000 rw-p 00000000 00:00 0 
7f5b956a2000-7f5b95758000 rw-p 00000000 00:00 0 
7f5b95758000-7f5b95760000 rw-s 00000000 00:1f 169511                     /tmp/hsperfdata_robin/7705
7f5b95763000-7f5b95766000 rw-p 00000000 00:00 0 
7f5b95766000-7f5b95767000 r--p 00000000 00:00 0 
7f5b95767000-7f5b9576a000 ---p 00000000 00:00 0 
7f5b9576a000-7f5b95868000 rw-p 00000000 00:00 0                          [stack:7713]
7f5b95868000-7f5b95869000 r--p 00020000 08:14 264934                     /usr/lib/ld-2.19.so
7f5b95869000-7f5b9586a000 rw-p 00021000 08:14 264934                     /usr/lib/ld-2.19.so
7f5b9586a000-7f5b9586c000 rw-p 00000000 00:00 0 
7f5b9586c000-7f5b95870000 rw-p 00000000 00:00 0 
7fff66fe7000-7fff67008000 rw-p 00000000 00:00 0                          [stack]
7fff670e0000-7fff670e2000 r-xp 00000000 00:00 0                          [vdso]
7fff670e2000-7fff670e4000 r--p 00000000 00:00 0                          [vvar]
ffffffffff600000-ffffffffff601000 r-xp 00000000 00:00 0                  [vsyscall]

VM Arguments:
jvm_args: -Xmx1024M 
java_command: /opt/android-sdk/build-tools/20.0.0/lib/dx.jar --dex --num-threads=4 --output /home/robin/AndroidStudioProjects/DigitalPlace.nl/app/build/intermediates/dex/debug /home/robin/AndroidStudioProjects/DigitalPlace.nl/app/build/intermediates/classes/debug /home/robin/AndroidStudioProjects/DigitalPlace.nl/app/build/intermediates/dependency-cache/debug /home/robin/AndroidStudioProjects/DigitalPlace.nl/app/build/intermediates/pre-dexed/debug/classes-909cc5079a7e415bae192c1351760488b19d57d0.jar /home/robin/AndroidStudioProjects/DigitalPlace.nl/app/build/intermediates/pre-dexed/debug/support-annotations-20.0.0-f50f597d9217e331f8e66015492499685f9db236.jar /home/robin/AndroidStudioProjects/DigitalPlace.nl/app/build/intermediates/pre-dexed/debug/internal_impl-20.0.0-0f523350b72b5a27ed868e9acc43856f08455352.jar
Launcher Type: SUN_STANDARD

Environment Variables:
JAVA_HOME=/usr/lib/jvm/java-7-openjdk
CLASSPATH=/opt/android-studio/bin/../lib/bootstrap.jar:/opt/android-studio/bin/../lib/extensions.jar:/opt/android-studio/bin/../lib/util.jar:/opt/android-studio/bin/../lib/jdom.jar:/opt/android-studio/bin/../lib/log4j.jar:/opt/android-studio/bin/../lib/trove4j.jar:/opt/android-studio/bin/../lib/jna.jar:/usr/lib/jvm/java-7-openjdk/lib/tools.jar
PATH=/usr/local/sbin:/usr/local/bin:/usr/bin:/opt/android-sdk/tools:/usr/bin/core_perl
LD_LIBRARY_PATH=/opt/android-studio/bin:
SHELL=/bin/bash
DISPLAY=:0

Signal Handlers:
SIGSEGV: [libjvm.so+0x97c3b0], sa_mask[0]=0x7ffbfeff, sa_flags=0x10000004
SIGBUS: [libjvm.so+0x97c3b0], sa_mask[0]=0x7ffbfeff, sa_flags=0x10000004
SIGFPE: [libjvm.so+0x7eab30], sa_mask[0]=0x7ffbfeff, sa_flags=0x10000004
SIGPIPE: [libjvm.so+0x7eab30], sa_mask[0]=0x7ffbfeff, sa_flags=0x10000004
SIGXFSZ: [libjvm.so+0x7eab30], sa_mask[0]=0x7ffbfeff, sa_flags=0x10000004
SIGILL: [libjvm.so+0x7eab30], sa_mask[0]=0x7ffbfeff, sa_flags=0x10000004
SIGUSR1: SIG_DFL, sa_mask[0]=0x00000000, sa_flags=0x00000000
SIGUSR2: [libjvm.so+0x7ea9b0], sa_mask[0]=0x00000004, sa_flags=0x10000004
SIGHUP: SIG_DFL, sa_mask[0]=0x00000000, sa_flags=0x00000000
SIGINT: SIG_DFL, sa_mask[0]=0x00000000, sa_flags=0x00000000
SIGTERM: SIG_DFL, sa_mask[0]=0x00000000, sa_flags=0x00000000
SIGQUIT: SIG_DFL, sa_mask[0]=0x00000000, sa_flags=0x00000000
SIGTRAP: SIG_DFL, sa_mask[0]=0x00000000, sa_flags=0x00000000


---------------  S Y S T E M  ---------------

OS:Linux
uname:Linux 3.16.1-1-ARCH #1 SMP PREEMPT Thu Aug 14 07:40:19 CEST 2014 x86_64
libc:glibc 2.19 NPTL 2.19 
rlimit: STACK 8192k, CORE 0k, NPROC 31611, NOFILE 4096, AS infinity
load average:2.09 1.30 1.14

/proc/meminfo:
MemTotal:        8164184 kB
MemFree:          134452 kB
MemAvailable:      78304 kB
Buffers:             396 kB
Cached:           622624 kB
SwapCached:            0 kB
Active:          6507012 kB
Inactive:         485168 kB
Active(anon):    6499800 kB
Inactive(anon):   477600 kB
Active(file):       7212 kB
Inactive(file):     7568 kB
Unevictable:           4 kB
Mlocked:               4 kB
SwapTotal:             0 kB
SwapFree:              0 kB
Dirty:                 0 kB
Writeback:             0 kB
AnonPages:       6370652 kB
Mapped:           212296 kB
Shmem:            606752 kB
Slab:             106592 kB
SReclaimable:      41860 kB
SUnreclaim:        64732 kB
KernelStack:        7440 kB
PageTables:        34028 kB
NFS_Unstable:          0 kB
Bounce:                0 kB
WritebackTmp:          0 kB
CommitLimit:     4082092 kB
Committed_AS:   10034128 kB
VmallocTotal:   34359738367 kB
VmallocUsed:      356028 kB
VmallocChunk:   34359376764 kB
HardwareCorrupted:     0 kB
AnonHugePages:   3635200 kB
HugePages_Total:       0
HugePages_Free:        0
HugePages_Rsvd:        0
HugePages_Surp:        0
Hugepagesize:       2048 kB
DirectMap4k:     2387456 kB
DirectMap2M:     5984256 kB
DirectMap1G:           0 kB


CPU:total 6 (6 cores per cpu, 1 threads per core) family 21 model 1 stepping 2, cmov, cx8, fxsr, mmx, sse, sse2, sse3, ssse3, sse4.1, sse4.2, popcnt, avx, aes, mmxext, 3dnowpref, lzcnt, sse4a, tsc, tscinvbit, tscinv

/proc/cpuinfo:
processor	: 0
vendor_id	: AuthenticAMD
cpu family	: 21
model		: 1
model name	: AMD FX(tm)-6100 Six-Core Processor
stepping	: 2
microcode	: 0x600063d
cpu MHz		: 3300.000
cache size	: 2048 KB
physical id	: 0
siblings	: 6
core id		: 0
cpu cores	: 3
apicid		: 16
initial apicid	: 0
fpu		: yes
fpu_exception	: yes
cpuid level	: 13
wp		: yes
flags		: fpu vme de pse tsc msr pae mce cx8 apic sep mtrr pge mca cmov pat pse36 clflush mmx fxsr sse sse2 ht syscall nx mmxext fxsr_opt pdpe1gb rdtscp lm constant_tsc rep_good nopl nonstop_tsc extd_apicid aperfmperf pni pclmulqdq monitor ssse3 cx16 sse4_1 sse4_2 popcnt aes xsave avx lahf_lm cmp_legacy svm extapic cr8_legacy abm sse4a misalignsse 3dnowprefetch osvw ibs xop skinit wdt lwp fma4 nodeid_msr topoext perfctr_core perfctr_nb arat cpb hw_pstate npt lbrv svm_lock nrip_save tsc_scale vmcb_clean flushbyasid decodeassists pausefilter pfthreshold
bogomips	: 6632.40
TLB size	: 1536 4K pages
clflush size	: 64
cache_alignment	: 64
address sizes	: 48 bits physical, 48 bits virtual
power management: ts ttp tm 100mhzsteps hwpstate cpb

processor	: 1
vendor_id	: AuthenticAMD
cpu family	: 21
model		: 1
model name	: AMD FX(tm)-6100 Six-Core Processor             
stepping	: 2
microcode	: 0x600063d
cpu MHz		: 1400.000
cache size	: 2048 KB
physical id	: 0
siblings	: 6
core id		: 1
cpu cores	: 3
apicid		: 17
initial apicid	: 1
fpu		: yes
fpu_exception	: yes
cpuid level	: 13
wp		: yes
flags		: fpu vme de pse tsc msr pae mce cx8 apic sep mtrr pge mca cmov pat pse36 clflush mmx fxsr sse sse2 ht syscall nx mmxext fxsr_opt pdpe1gb rdtscp lm constant_tsc rep_good nopl nonstop_tsc extd_apicid aperfmperf pni pclmulqdq monitor ssse3 cx16 sse4_1 sse4_2 popcnt aes xsave avx lahf_lm cmp_legacy svm extapic cr8_legacy abm sse4a misalignsse 3dnowprefetch osvw ibs xop skinit wdt lwp fma4 nodeid_msr topoext perfctr_core perfctr_nb arat cpb hw_pstate npt lbrv svm_lock nrip_save tsc_scale vmcb_clean flushbyasid decodeassists pausefilter pfthreshold
bogomips	: 6632.40
TLB size	: 1536 4K pages
clflush size	: 64
cache_alignment	: 64
address sizes	: 48 bits physical, 48 bits virtual
power management: ts ttp tm 100mhzsteps hwpstate cpb

processor	: 2
vendor_id	: AuthenticAMD
cpu family	: 21
model		: 1
model name	: AMD FX(tm)-6100 Six-Core Processor             
stepping	: 2
microcode	: 0x600063d
cpu MHz		: 1400.000
cache size	: 2048 KB
physical id	: 0
siblings	: 6
core id		: 2
cpu cores	: 3
apicid		: 18
initial apicid	: 2
fpu		: yes
fpu_exception	: yes
cpuid level	: 13
wp		: yes
flags		: fpu vme de pse tsc msr pae mce cx8 apic sep mtrr pge mca cmov pat pse36 clflush mmx fxsr sse sse2 ht syscall nx mmxext fxsr_opt pdpe1gb rdtscp lm constant_tsc rep_good nopl nonstop_tsc extd_apicid aperfmperf pni pclmulqdq monitor ssse3 cx16 sse4_1 sse4_2 popcnt aes xsave avx lahf_lm cmp_legacy svm extapic cr8_legacy abm sse4a misalignsse 3dnowprefetch osvw ibs xop skinit wdt lwp fma4 nodeid_msr topoext perfctr_core perfctr_nb arat cpb hw_pstate npt lbrv svm_lock nrip_save tsc_scale vmcb_clean flushbyasid decodeassists pausefilter pfthreshold
bogomips	: 6632.40
TLB size	: 1536 4K pages
clflush size	: 64
cache_alignment	: 64
address sizes	: 48 bits physical, 48 bits virtual
power management: ts ttp tm 100mhzsteps hwpstate cpb

processor	: 3
vendor_id	: AuthenticAMD
cpu family	: 21
model		: 1
model name	: AMD FX(tm)-6100 Six-Core Processor             
stepping	: 2
microcode	: 0x600063d
cpu MHz		: 3300.000
cache size	: 2048 KB
physical id	: 0
siblings	: 6
core id		: 3
cpu cores	: 3
apicid		: 19
initial apicid	: 3
fpu		: yes
fpu_exception	: yes
cpuid level	: 13
wp		: yes
flags		: fpu vme de pse tsc msr pae mce cx8 apic sep mtrr pge mca cmov pat pse36 clflush mmx fxsr sse sse2 ht syscall nx mmxext fxsr_opt pdpe1gb rdtscp lm constant_tsc rep_good nopl nonstop_tsc extd_apicid aperfmperf pni pclmulqdq monitor ssse3 cx16 sse4_1 sse4_2 popcnt aes xsave avx lahf_lm cmp_legacy svm extapic cr8_legacy abm sse4a misalignsse 3dnowprefetch osvw ibs xop skinit wdt lwp fma4 nodeid_msr topoext perfctr_core perfctr_nb arat cpb hw_pstate npt lbrv svm_lock nrip_save tsc_scale vmcb_clean flushbyasid decodeassists pausefilter pfthreshold
bogomips	: 6632.40
TLB size	: 1536 4K pages
clflush size	: 64
cache_alignment	: 64
address sizes	: 48 bits physical, 48 bits virtual
power management: ts ttp tm 100mhzsteps hwpstate cpb

processor	: 4
vendor_id	: AuthenticAMD
cpu family	: 21
model		: 1
model name	: AMD FX(tm)-6100 Six-Core Processor             
stepping	: 2
microcode	: 0x600063d
cpu MHz		: 1400.000
cache size	: 2048 KB
physical id	: 0
siblings	: 6
core id		: 4
cpu cores	: 3
apicid		: 20
initial apicid	: 4
fpu		: yes
fpu_exception	: yes
cpuid level	: 13
wp		: yes
flags		: fpu vme de pse tsc msr pae mce cx8 apic sep mtrr pge mca cmov pat pse36 clflush mmx fxsr sse sse2 ht syscall nx mmxext fxsr_opt pdpe1gb rdtscp lm constant_tsc rep_good nopl nonstop_tsc extd_apicid aperfmperf pni pclmulqdq monitor ssse3 cx16 sse4_1 sse4_2 popcnt aes xsave avx lahf_lm cmp_legacy svm extapic cr8_legacy abm sse4a misalignsse 3dnowprefetch osvw ibs xop skinit wdt lwp fma4 nodeid_msr topoext perfctr_core perfctr_nb arat cpb hw_pstate npt lbrv svm_lock nrip_save tsc_scale vmcb_clean flushbyasid decodeassists pausefilter pfthreshold
bogomips	: 6632.40
TLB size	: 1536 4K pages
clflush size	: 64
cache_alignment	: 64
address sizes	: 48 bits physical, 48 bits virtual
power management: ts ttp tm 100mhzsteps hwpstate cpb

processor	: 5
vendor_id	: AuthenticAMD
cpu family	: 21
model		: 1
model name	: AMD FX(tm)-6100 Six-Core Processor             
stepping	: 2
microcode	: 0x600063d
cpu MHz		: 1400.000
cache size	: 2048 KB
physical id	: 0
siblings	: 6
core id		: 5
cpu cores	: 3
apicid		: 21
initial apicid	: 5
fpu		: yes
fpu_exception	: yes
cpuid level	: 13
wp		: yes
flags		: fpu vme de pse tsc msr pae mce cx8 apic sep mtrr pge mca cmov pat pse36 clflush mmx fxsr sse sse2 ht syscall nx mmxext fxsr_opt pdpe1gb rdtscp lm constant_tsc rep_good nopl nonstop_tsc extd_apicid aperfmperf pni pclmulqdq monitor ssse3 cx16 sse4_1 sse4_2 popcnt aes xsave avx lahf_lm cmp_legacy svm extapic cr8_legacy abm sse4a misalignsse 3dnowprefetch osvw ibs xop skinit wdt lwp fma4 nodeid_msr topoext perfctr_core perfctr_nb arat cpb hw_pstate npt lbrv svm_lock nrip_save tsc_scale vmcb_clean flushbyasid decodeassists pausefilter pfthreshold
bogomips	: 6632.40
TLB size	: 1536 4K pages
clflush size	: 64
cache_alignment	: 64
address sizes	: 48 bits physical, 48 bits virtual
power management: ts ttp tm 100mhzsteps hwpstate cpb



Memory: 4k page, physical 8164184k(136168k free), swap 0k(0k free)

vm_info: OpenJDK 64-Bit Server VM (24.65-b04) for linux-amd64 JRE (1.7.0_65-b32), built on Jul 16 2014 12:18:44 by "nobody" with gcc 4.9.0 20140604 (prerelease)

time: Fri Aug 15 16:09:28 2014
elapsed time: 0 seconds

